[2024-02-11 21:38:49,462] {taskinstance.py:1159} INFO - Dependencies all met for <TaskInstance: sales_mart.upload_price scheduled__2024-02-04T21:37:12.715281+00:00 [queued]>
[2024-02-11 21:38:49,467] {taskinstance.py:1159} INFO - Dependencies all met for <TaskInstance: sales_mart.upload_price scheduled__2024-02-04T21:37:12.715281+00:00 [queued]>
[2024-02-11 21:38:49,467] {taskinstance.py:1356} INFO - 
--------------------------------------------------------------------------------
[2024-02-11 21:38:49,467] {taskinstance.py:1357} INFO - Starting attempt 1 of 1
[2024-02-11 21:38:49,467] {taskinstance.py:1358} INFO - 
--------------------------------------------------------------------------------
[2024-02-11 21:38:49,473] {taskinstance.py:1377} INFO - Executing <Task(PythonOperator): upload_price> on 2024-02-04 21:37:12.715281+00:00
[2024-02-11 21:38:49,476] {standard_task_runner.py:52} INFO - Started process 32901 to run task
[2024-02-11 21:38:49,477] {standard_task_runner.py:79} INFO - Running: ['airflow', 'tasks', 'run', 'sales_mart', 'upload_price', 'scheduled__2024-02-04T21:37:12.715281+00:00', '--job-id', '783', '--raw', '--subdir', 'DAGS_FOLDER/sprint3 copy.py', '--cfg-path', '/tmp/tmpjg1eg84r', '--error-file', '/tmp/tmp6ohlwz4e']
[2024-02-11 21:38:49,478] {standard_task_runner.py:80} INFO - Job 783: Subtask upload_price
[2024-02-11 21:38:49,509] {task_command.py:369} INFO - Running <TaskInstance: sales_mart.upload_price scheduled__2024-02-04T21:37:12.715281+00:00 [running]> on host 2a8d1eb5116f
[2024-02-11 21:38:49,545] {taskinstance.py:1569} INFO - Exporting the following env vars:
AIRFLOW_CTX_DAG_EMAIL=student@example.com
AIRFLOW_CTX_DAG_OWNER=student
AIRFLOW_CTX_DAG_ID=sales_mart
AIRFLOW_CTX_TASK_ID=upload_price
AIRFLOW_CTX_EXECUTION_DATE=2024-02-04T21:37:12.715281+00:00
AIRFLOW_CTX_TRY_NUMBER=1
AIRFLOW_CTX_DAG_RUN_ID=scheduled__2024-02-04T21:37:12.715281+00:00
[2024-02-11 21:38:49,551] {logging_mixin.py:115} INFO - https://storage.yandexcloud.net/s3-sprint3/cohort_22/damir-kalinin7/project/TWpBeU5DMHdNaTB4TVZReU1Ub3pOem96TXdsa1lXMXBjaTFyWVd4cGJtbHVOdz09/price_log.csv
[2024-02-11 21:38:49,551] {logging_mixin.py:115} INFO - 20240204_price_log.csv
[2024-02-11 21:38:49,783] {logging_mixin.py:115} INFO - b'\xd0\x9c\xd0\xbe\xd0\xbb\xd0\xbe\xd0\xba\xd0\xbe 1%,100\r\n\xd0\x9c\xd0\xbe\xd0\xbb\xd0\xbe\xd0\xba\xd0\xbe 3%,120\r\n\xd0\x9c\xd0\xbe\xd0\xbb\xd0\xbe\xd0\xba\xd0\xbe 5%,150\r\n\xd0\xa3\xd1\x81\xd1\x82\xd1\x80\xd0\xbe\xd0\xb9\xd1\x81\xd1\x82\xd0\xb2\xd0\xbe \xd0\xb4\xd0\xbb\xd1\x8f \xd0\xbd\xd0\xb0\xd0\xb3\xd1\x80\xd0\xb5\xd0\xb2\xd0\xb0\xd0\xbd\xd0\xb8\xd1\x8f \xd1\x82\xd0\xb0\xd0\xb1\xd0\xb0\xd0\xba\xd0\xb0 \xd0\xa2\xd1\x80\xd1\x83\xd0\xb1\xd0\xba\xd0\xb0 \xd0\x9c\xd0\xb8\xd1\x80\xd0\xb0,500\r\n\xd0\xa1\xd0\xb0\xd1\x85\xd0\xb0\xd1\x80 \xd0\xbf\xd0\xb5\xd1\x81\xd0\xbe\xd0\xba,50\r\n\xd0\xaf\xd0\xb1\xd0\xbb\xd0\xbe\xd0\xba\xd0\xbe \xd0\xbc\xd0\xbe\xd0\xbb\xd0\xbe\xd0\xb4\xd0\xb8\xd0\xbb\xd1\x8c\xd0\xbd\xd0\xbe\xd0\xb5,400\r\n\xd0\xaf\xd0\xb1\xd0\xbb\xd0\xbe\xd0\xba\xd0\xbe,140\r\n\xd0\xa1\xd1\x80\xd0\xb5\xd0\xb4\xd1\x81\xd1\x82\xd0\xb2\xd0\xbe \xd0\xb4\xd0\xbb\xd1\x8f \xd0\xbc\xd1\x8b\xd1\x82\xd1\x8c\xd1\x8f \xd0\xbf\xd0\xbe\xd1\x81\xd1\x83\xd0\xb4\xd1\x8b,200\r\n\xd0\x9b\xd0\xb0\xd0\xbc\xd0\xbf\xd0\xbe\xd1\x87\xd0\xba\xd0\xb0 LED,300\r\n\xd0\xa0\xd1\x83\xd1\x87\xd0\xba\xd0\xb0 \xd1\x88\xd0\xb0\xd1\x80\xd0\xb8\xd0\xba\xd0\xbe\xd0\xb2\xd0\xb0\xd1\x8f,45\r\n\xd0\xa2\xd0\xbe\xd0\xbc\xd0\xb0\xd1\x82\xd1\x8b,50\r\n\xd0\xa5\xd0\xbb\xd0\xb5\xd0\xb1 \xd1\x80\xd0\xb6\xd0\xb0\xd0\xbd\xd0\xbe\xd0\xb9,20\r\n'
[2024-02-11 21:38:49,787] {logging_mixin.py:115} INFO - Index(['name', 'price'], dtype='object')
[2024-02-11 21:38:49,794] {base.py:68} INFO - Using connection ID 'postgresql_de' for task execution.
[2024-02-11 21:38:49,803] {taskinstance.py:1889} ERROR - Task failed with exception
Traceback (most recent call last):
  File "/usr/local/lib/python3.8/dist-packages/sqlalchemy/engine/base.py", line 1685, in _execute_context
    self.dialect.do_executemany(
  File "/usr/local/lib/python3.8/dist-packages/sqlalchemy/dialects/postgresql/psycopg2.py", line 903, in do_executemany
    context._psycopg2_fetched_rows = xtras.execute_values(
  File "/usr/local/lib/python3.8/dist-packages/psycopg2/extras.py", line 1299, in execute_values
    cur.execute(b''.join(parts))
psycopg2.errors.UndefinedColumn: column "name" of relation "price_log" does not exist
LINE 1: INSERT INTO staging.price_log (name, price) VALUES ('Молоко ...
                                       ^


The above exception was the direct cause of the following exception:

Traceback (most recent call last):
  File "/usr/local/lib/python3.8/dist-packages/airflow/operators/python.py", line 171, in execute
    return_value = self.execute_callable()
  File "/usr/local/lib/python3.8/dist-packages/airflow/operators/python.py", line 189, in execute_callable
    return self.python_callable(*self.op_args, **self.op_kwargs)
  File "/lessons/dags/sprint3 copy.py", line 99, in upload_data_to_staging
    row_count = df.to_sql(pg_table, engine, schema=pg_schema, if_exists='append', index=False)
  File "/usr/local/lib/python3.8/dist-packages/pandas/core/generic.py", line 2963, in to_sql
    return sql.to_sql(
  File "/usr/local/lib/python3.8/dist-packages/pandas/io/sql.py", line 697, in to_sql
    return pandas_sql.to_sql(
  File "/usr/local/lib/python3.8/dist-packages/pandas/io/sql.py", line 1739, in to_sql
    total_inserted = sql_engine.insert_records(
  File "/usr/local/lib/python3.8/dist-packages/pandas/io/sql.py", line 1332, in insert_records
    raise err
  File "/usr/local/lib/python3.8/dist-packages/pandas/io/sql.py", line 1322, in insert_records
    return table.insert(chunksize=chunksize, method=method)
  File "/usr/local/lib/python3.8/dist-packages/pandas/io/sql.py", line 950, in insert
    num_inserted = exec_insert(conn, keys, chunk_iter)
  File "/usr/local/lib/python3.8/dist-packages/pandas/io/sql.py", line 857, in _execute_insert
    result = conn.execute(self.table.insert(), data)
  File "/usr/local/lib/python3.8/dist-packages/sqlalchemy/engine/base.py", line 1200, in execute
    return meth(self, multiparams, params, _EMPTY_EXECUTION_OPTS)
  File "/usr/local/lib/python3.8/dist-packages/sqlalchemy/sql/elements.py", line 313, in _execute_on_connection
    return connection._execute_clauseelement(
  File "/usr/local/lib/python3.8/dist-packages/sqlalchemy/engine/base.py", line 1389, in _execute_clauseelement
    ret = self._execute_context(
  File "/usr/local/lib/python3.8/dist-packages/sqlalchemy/engine/base.py", line 1748, in _execute_context
    self._handle_dbapi_exception(
  File "/usr/local/lib/python3.8/dist-packages/sqlalchemy/engine/base.py", line 1929, in _handle_dbapi_exception
    util.raise_(
  File "/usr/local/lib/python3.8/dist-packages/sqlalchemy/util/compat.py", line 211, in raise_
    raise exception
  File "/usr/local/lib/python3.8/dist-packages/sqlalchemy/engine/base.py", line 1685, in _execute_context
    self.dialect.do_executemany(
  File "/usr/local/lib/python3.8/dist-packages/sqlalchemy/dialects/postgresql/psycopg2.py", line 903, in do_executemany
    context._psycopg2_fetched_rows = xtras.execute_values(
  File "/usr/local/lib/python3.8/dist-packages/psycopg2/extras.py", line 1299, in execute_values
    cur.execute(b''.join(parts))
sqlalchemy.exc.ProgrammingError: (psycopg2.errors.UndefinedColumn) column "name" of relation "price_log" does not exist
LINE 1: INSERT INTO staging.price_log (name, price) VALUES ('Молоко ...
                                       ^

[SQL: INSERT INTO staging.price_log (name, price) VALUES (%(name)s, %(price)s)]
[parameters: ({'name': 'Молоко 1%', 'price': 100}, {'name': 'Молоко 3%', 'price': 120}, {'name': 'Молоко 5%', 'price': 150}, {'name': 'Устройство для нагревания табака Трубка Мира', 'price': 500}, {'name': 'Сахар песок', 'price': 50}, {'name': 'Яблоко молодильное', 'price': 400}, {'name': 'Яблоко', 'price': 140}, {'name': 'Средство для мытья посуды', 'price': 200}  ... displaying 10 of 12 total bound parameter sets ...  {'name': 'Томаты', 'price': 50}, {'name': 'Хлеб ржаной', 'price': 20})]
(Background on this error at: http://sqlalche.me/e/14/f405)
[2024-02-11 21:38:49,812] {taskinstance.py:1395} INFO - Marking task as FAILED. dag_id=sales_mart, task_id=upload_price, execution_date=20240204T213712, start_date=20240211T213849, end_date=20240211T213849
[2024-02-11 21:38:49,818] {standard_task_runner.py:92} ERROR - Failed to execute job 783 for task upload_price ((psycopg2.errors.UndefinedColumn) column "name" of relation "price_log" does not exist
LINE 1: INSERT INTO staging.price_log (name, price) VALUES ('Молоко ...
                                       ^

[SQL: INSERT INTO staging.price_log (name, price) VALUES (%(name)s, %(price)s)]
[parameters: ({'name': 'Молоко 1%', 'price': 100}, {'name': 'Молоко 3%', 'price': 120}, {'name': 'Молоко 5%', 'price': 150}, {'name': 'Устройство для нагревания табака Трубка Мира', 'price': 500}, {'name': 'Сахар песок', 'price': 50}, {'name': 'Яблоко молодильное', 'price': 400}, {'name': 'Яблоко', 'price': 140}, {'name': 'Средство для мытья посуды', 'price': 200}  ... displaying 10 of 12 total bound parameter sets ...  {'name': 'Томаты', 'price': 50}, {'name': 'Хлеб ржаной', 'price': 20})]
(Background on this error at: http://sqlalche.me/e/14/f405); 32901)
[2024-02-11 21:38:49,850] {local_task_job.py:156} INFO - Task exited with return code 1
[2024-02-11 21:38:49,870] {local_task_job.py:273} INFO - 0 downstream tasks scheduled from follow-on schedule check
